<?xml version="1.0" encoding="utf-8"?><testsuites name="pytest tests"><testsuite name="pytest" errors="0" failures="0" skipped="0" tests="7" time="3.954" timestamp="2026-09-16T16:03:03.763489+00:00" hostname="agent-env-5da05912-7336-4c57-8854-f2330233626a"><testcase classname="tests.test_admin_regression_iter2.TestAdminWorkflowRegression" name="test_admin_endpoints_reject_unauthenticated" time="0.675" /><testcase classname="tests.test_admin_regression_iter2.TestAdminWorkflowRegression" name="test_export_returns_valid_payload" time="0.370" /><testcase classname="tests.test_admin_regression_iter2.TestAdminWorkflowRegression" name="test_analytics_records_shape" time="0.394" /><testcase classname="tests.test_admin_regression_iter2.TestAdminWorkflowRegression" name="test_lead_status_update_persists" time="0.504" /><testcase classname="tests.test_admin_regression_iter2.TestAdminWorkflowRegression" name="test_order_status_update_persists" time="0.606" /><testcase classname="tests.test_admin_regression_iter2.TestAdminWorkflowRegression" name="test_content_invalid_nested_kits_type_rejected_without_corruption" time="0.459" /><testcase classname="tests.test_admin_regression_iter2.TestAdminWorkflowRegression" name="test_content_valid_save_and_restore_succeeds" time="0.473" /></testsuite></testsuites>