<?xml version="1.0" encoding="utf-8"?><testsuites name="pytest tests"><testsuite name="pytest" errors="0" failures="0" skipped="0" tests="19" time="15.619" timestamp="2026-09-17T16:15:15.952398+00:00" hostname="agent-env-5da05912-7336-4c57-8854-f2330233626a"><testcase classname="tests.test_portal_regression_iter5.TestIter5ReferralSecurity" name="test_tampered_referral_cookie_is_ignored" time="0.256" /><testcase classname="tests.test_portal_regression_iter5.TestIter5ReferralSecurity" name="test_body_spoofed_reseller_id_cannot_create_attribution" time="0.259" /><testcase classname="tests.test_portal_regression_iter5.TestIter5ReferralSecurity" name="test_first_policy_attribution_preserved_A_then_B" time="0.283" /><testcase classname="tests.test_portal_regression_iter5.TestIter5ReferralSecurity" name="test_repeat_attribution_false_excludes_next_referred_order" time="1.464" /><testcase classname="tests.test_portal_regression_iter5.TestIter5ReferralSecurity" name="test_self_referral_by_same_normalized_mobile_different_email" time="0.397" /><testcase classname="tests.test_portal_regression_iter5.TestIter5FinanceDepth" name="test_missing_costs_keep_profit_null_even_if_later_configured" time="0.677" /><testcase classname="tests.test_portal_regression_iter5.TestIter5FinanceDepth" name="test_multi_line_paise_reconciliation_and_zero_commission_adjust" time="0.802" /><testcase classname="tests.test_portal_regression_iter5.TestIter5AdminModalsBackend" name="test_order_manage_backend_required_fields" time="1.007" /><testcase classname="tests.test_portal_regression_iter5.TestIter5AdminModalsBackend" name="test_payout_review_backend_required_fields" time="1.995" /><testcase classname="tests.test_portal_regression_iter6.TestIter6MetricsReconciliation" name="test_multiline_per_order_product_profit_reconciles_to_order_profit" time="1.256" /><testcase classname="tests.test_portal_regression_iter6.TestIter6HistoricalImmutability" name="test_missing_cost_snapshot_unchanged_after_later_configuration" time="0.451" /><testcase classname="tests.test_portal_regression_iter6.TestIter6PayoutFixture" name="test_seed_non_terminal_payout_for_ui" time="0.851" /><testcase classname="tests.test_portal_regression_iter6.TestIter6PostPaymentExclusions" name="test_tampered_cookie_excludes_commission_even_after_paid_delivered" time="0.834" /><testcase classname="tests.test_portal_regression_iter6.TestIter6PostPaymentExclusions" name="test_same_normalized_mobile_self_referral_no_commission_post_paid" time="0.959" /><testcase classname="tests.test_portal_regression_iter7.TestIter7RealMetricsSales" name="test_two_equal_lines_with_one_paise_other_cost_reconciles_exactly" time="1.123" /><testcase classname="tests.test_portal_regression_iter7.TestIter7RealMetricsSales" name="test_repeated_product_line_reconciles_and_unique_orders_is_one" time="0.655" /><testcase classname="tests.test_portal_regression_iter7.TestIter7RealMetricsSales" name="test_zero_rate_then_adjustment_to_positive_reflects_in_metrics" time="0.769" /><testcase classname="tests.test_portal_regression_iter7.TestIter7RealMetricsSales" name="test_missing_cost_historic_order_yields_null_profit_in_real_metrics" time="0.795" /><testcase classname="tests.test_portal_regression_iter7.TestIter7RealMetricsSales" name="test_tiny_other_cost_many_lines_never_produces_negative_share" time="0.667" /></testsuite></testsuites>