<?xml version="1.0" encoding="utf-8"?><testsuites name="pytest tests"><testsuite name="pytest" errors="0" failures="1" skipped="0" tests="14" time="10.725" timestamp="2026-09-17T16:14:37.867901+00:00" hostname="agent-env-5da05912-7336-4c57-8854-f2330233626a"><testcase classname="tests.test_portal_regression_iter5.TestIter5ReferralSecurity" name="test_tampered_referral_cookie_is_ignored" time="0.256" /><testcase classname="tests.test_portal_regression_iter5.TestIter5ReferralSecurity" name="test_body_spoofed_reseller_id_cannot_create_attribution" time="0.205" /><testcase classname="tests.test_portal_regression_iter5.TestIter5ReferralSecurity" name="test_first_policy_attribution_preserved_A_then_B" time="0.331" /><testcase classname="tests.test_portal_regression_iter5.TestIter5ReferralSecurity" name="test_repeat_attribution_false_excludes_next_referred_order" time="1.434" /><testcase classname="tests.test_portal_regression_iter5.TestIter5ReferralSecurity" name="test_self_referral_by_same_normalized_mobile_different_email" time="0.380" /><testcase classname="tests.test_portal_regression_iter5.TestIter5FinanceDepth" name="test_missing_costs_keep_profit_null_even_if_later_configured" time="0.643" /><testcase classname="tests.test_portal_regression_iter5.TestIter5FinanceDepth" name="test_multi_line_paise_reconciliation_and_zero_commission_adjust" time="0.799" /><testcase classname="tests.test_portal_regression_iter5.TestIter5AdminModalsBackend" name="test_order_manage_backend_required_fields" time="0.964" /><testcase classname="tests.test_portal_regression_iter5.TestIter5AdminModalsBackend" name="test_payout_review_backend_required_fields" time="1.716" /><testcase classname="tests.test_portal_regression_iter6.TestIter6MetricsReconciliation" name="test_multiline_per_order_product_profit_reconciles_to_order_profit" time="0.858"><failure message="AssertionError: metrics.py per-product profit allocation drift: sum(products.profit_minor)=26620 but snapshot.estimated_gross_profit_minor=26619 (diff=1 paise). Fix: add a residual absorber to the last part for other_cost_minor split, mirroring the commission allocation pattern already used.&#10;assert 26620 == 26619">tests/test_portal_regression_iter6.py:276: in test_multiline_per_order_product_profit_reconciles_to_order_profit
    assert summed == order_profit, (
E   AssertionError: metrics.py per-product profit allocation drift: sum(products.profit_minor)=26620 but snapshot.estimated_gross_profit_minor=26619 (diff=1 paise). Fix: add a residual absorber to the last part for other_cost_minor split, mirroring the commission allocation pattern already used.
E   assert 26620 == 26619</failure></testcase><testcase classname="tests.test_portal_regression_iter6.TestIter6HistoricalImmutability" name="test_missing_cost_snapshot_unchanged_after_later_configuration" time="0.458" /><testcase classname="tests.test_portal_regression_iter6.TestIter6PayoutFixture" name="test_seed_non_terminal_payout_for_ui" time="0.778" /><testcase classname="tests.test_portal_regression_iter6.TestIter6PostPaymentExclusions" name="test_tampered_cookie_excludes_commission_even_after_paid_delivered" time="0.820" /><testcase classname="tests.test_portal_regression_iter6.TestIter6PostPaymentExclusions" name="test_same_normalized_mobile_self_referral_no_commission_post_paid" time="0.939" /></testsuite></testsuites>