<?xml version="1.0" encoding="utf-8"?><testsuites name="pytest tests"><testsuite name="pytest" errors="0" failures="1" skipped="0" tests="5" time="4.052" timestamp="2026-09-17T15:58:58.638290+00:00" hostname="agent-env-5da05912-7336-4c57-8854-f2330233626a"><testcase classname="tests.test_portal_regression_iter6.TestIter6MetricsReconciliation" name="test_multiline_per_order_product_profit_reconciles_to_order_profit" time="1.039"><failure message="AssertionError: metrics.py per-product profit allocation drift: sum(products.profit_minor)=26620 but snapshot.estimated_gross_profit_minor=26619 (diff=1 paise). Fix: add a residual absorber to the last part for other_cost_minor split, mirroring the commission allocation pattern already used.&#10;assert 26620 == 26619">backend/tests/test_portal_regression_iter6.py:276: in test_multiline_per_order_product_profit_reconciles_to_order_profit
    assert summed == order_profit, (
E   AssertionError: metrics.py per-product profit allocation drift: sum(products.profit_minor)=26620 but snapshot.estimated_gross_profit_minor=26619 (diff=1 paise). Fix: add a residual absorber to the last part for other_cost_minor split, mirroring the commission allocation pattern already used.
E   assert 26620 == 26619</failure></testcase><testcase classname="tests.test_portal_regression_iter6.TestIter6HistoricalImmutability" name="test_missing_cost_snapshot_unchanged_after_later_configuration" time="0.434" /><testcase classname="tests.test_portal_regression_iter6.TestIter6PayoutFixture" name="test_seed_non_terminal_payout_for_ui" time="0.746" /><testcase classname="tests.test_portal_regression_iter6.TestIter6PostPaymentExclusions" name="test_tampered_cookie_excludes_commission_even_after_paid_delivered" time="0.810" /><testcase classname="tests.test_portal_regression_iter6.TestIter6PostPaymentExclusions" name="test_same_normalized_mobile_self_referral_no_commission_post_paid" time="0.915" /></testsuite></testsuites>