<?xml version="1.0" encoding="utf-8"?><testsuites name="pytest tests"><testsuite name="pytest" errors="0" failures="1" skipped="0" tests="20" time="8.293" timestamp="2026-09-17T15:11:44.687486+00:00" hostname="agent-env-5da05912-7336-4c57-8854-f2330233626a"><testcase classname="tests.test_admin_regression_iter2.TestAdminWorkflowRegression" name="test_admin_endpoints_reject_unauthenticated" time="0.538" /><testcase classname="tests.test_backend_regression.TestPublicCommerce" name="test_health" time="0.308" /><testcase classname="tests.test_backend_regression.TestPublicCommerce" name="test_products_and_product_details" time="0.176" /><testcase classname="tests.test_backend_regression.TestPublicCommerce" name="test_quote_valid_bundle_and_price" time="0.154" /><testcase classname="tests.test_backend_regression.TestPublicCommerce" name="test_quote_invalid_bundle_count_rejected" time="0.251" /><testcase classname="tests.test_admin_regression_iter2.TestAdminWorkflowRegression" name="test_export_returns_valid_payload" time="0.368" /><testcase classname="tests.test_backend_regression.TestPublicCommerce" name="test_order_idempotency_by_request_id" time="0.414" /><testcase classname="tests.test_admin_regression_iter2.TestAdminWorkflowRegression" name="test_analytics_records_shape" time="0.438" /><testcase classname="tests.test_backend_regression.TestPublicCommerce" name="test_lead_submission_persists" time="0.086" /><testcase classname="tests.test_backend_regression.TestAuthAndAdminGuards" name="test_admin_requires_auth" time="0.283" /><testcase classname="tests.test_admin_regression_iter2.TestAdminWorkflowRegression" name="test_lead_status_update_persists" time="0.743" /><testcase classname="tests.test_backend_regression.TestAuthAndAdminGuards" name="test_auth_login_sets_httponly_cookies_and_me_works" time="0.413" /><testcase classname="tests.test_backend_regression.TestAuthAndAdminGuards" name="test_refresh_and_logout" time="0.742" /><testcase classname="tests.test_admin_regression_iter2.TestAdminWorkflowRegression" name="test_order_status_update_persists" time="0.703" /><testcase classname="tests.test_backend_regression.TestAuthAndAdminGuards" name="test_invalid_origin_rejected_for_authenticated_mutation" time="0.559" /><testcase classname="tests.test_admin_regression_iter2.TestAdminWorkflowRegression" name="test_content_invalid_nested_kits_type_rejected_without_corruption" time="0.616" /><testcase classname="tests.test_backend_regression.TestAuthAndAdminGuards" name="test_bruteforce_lockout_after_five_fails" time="0.669"><failure message="assert 401 == 429">backend/tests/test_backend_regression.py:194: in test_bruteforce_lockout_after_five_fails
    assert statuses[-1] == 429
E   assert 401 == 429</failure></testcase><testcase classname="tests.test_admin_regression_iter2.TestAdminWorkflowRegression" name="test_content_valid_save_and_restore_succeeds" time="0.486" /><testcase classname="tests.test_backend_regression.TestAuthStorageAndSeed" name="test_admin_hash_format_and_users_email_unique_index" time="0.013" /><testcase classname="tests.test_portal_regression_iter3" name="test_portal_business_workflow_regression" time="3.806" /></testsuite></testsuites>