<?xml version="1.0" encoding="utf-8"?><testsuites name="pytest tests"><testsuite name="pytest" errors="0" failures="0" skipped="0" tests="9" time="5.133" timestamp="2026-09-17T15:51:09.407663+00:00" hostname="agent-env-5da05912-7336-4c57-8854-f2330233626a"><testcase classname="tests.test_portal_regression_iter5.TestIter5ReferralSecurity" name="test_tampered_referral_cookie_is_ignored" time="0.202" /><testcase classname="tests.test_portal_regression_iter5.TestIter5FinanceDepth" name="test_missing_costs_keep_profit_null_even_if_later_configured" time="0.805" /><testcase classname="tests.test_portal_regression_iter5.TestIter5ReferralSecurity" name="test_body_spoofed_reseller_id_cannot_create_attribution" time="0.347" /><testcase classname="tests.test_portal_regression_iter5.TestIter5ReferralSecurity" name="test_first_policy_attribution_preserved_A_then_B" time="0.337" /><testcase classname="tests.test_portal_regression_iter5.TestIter5FinanceDepth" name="test_multi_line_paise_reconciliation_and_zero_commission_adjust" time="1.151" /><testcase classname="tests.test_portal_regression_iter5.TestIter5ReferralSecurity" name="test_repeat_attribution_false_excludes_next_referred_order" time="1.809" /><testcase classname="tests.test_portal_regression_iter5.TestIter5AdminModalsBackend" name="test_order_manage_backend_required_fields" time="1.110" /><testcase classname="tests.test_portal_regression_iter5.TestIter5ReferralSecurity" name="test_self_referral_by_same_normalized_mobile_different_email" time="0.400" /><testcase classname="tests.test_portal_regression_iter5.TestIter5AdminModalsBackend" name="test_payout_review_backend_required_fields" time="1.474" /></testsuite></testsuites>