<?xml version="1.0" encoding="utf-8"?><testsuites name="pytest tests"><testsuite name="pytest" errors="0" failures="0" skipped="0" tests="5" time="7.528" timestamp="2026-09-17T16:14:22.564594+00:00" hostname="agent-env-5da05912-7336-4c57-8854-f2330233626a"><testcase classname="tests.test_portal_regression_iter7.TestIter7RealMetricsSales" name="test_two_equal_lines_with_one_paise_other_cost_reconciles_exactly" time="1.405" /><testcase classname="tests.test_portal_regression_iter7.TestIter7RealMetricsSales" name="test_repeated_product_line_reconciles_and_unique_orders_is_one" time="3.843" /><testcase classname="tests.test_portal_regression_iter7.TestIter7RealMetricsSales" name="test_zero_rate_then_adjustment_to_positive_reflects_in_metrics" time="0.796" /><testcase classname="tests.test_portal_regression_iter7.TestIter7RealMetricsSales" name="test_missing_cost_historic_order_yields_null_profit_in_real_metrics" time="0.754" /><testcase classname="tests.test_portal_regression_iter7.TestIter7RealMetricsSales" name="test_tiny_other_cost_many_lines_never_produces_negative_share" time="0.625" /></testsuite></testsuites>