<?xml version="1.0" encoding="utf-8"?><testsuites name="pytest tests"><testsuite name="pytest" errors="0" failures="0" skipped="0" tests="5" time="6.266" timestamp="2026-09-17T15:26:24.019468+00:00" hostname="agent-env-5da05912-7336-4c57-8854-f2330233626a"><testcase classname="tests.test_portal_regression_iter4.TestIter4AuthAndFiles" name="test_lockout_admin_and_reseller_account_scoped" time="1.738" /><testcase classname="tests.test_portal_regression_iter4.TestIter4FinanceAndReferrals" name="test_finance_reservation_release_reuse_and_adjustment_branches" time="3.130" /><testcase classname="tests.test_portal_regression_iter4.TestIter4AuthAndFiles" name="test_portal_files_upload_publish_security_and_validation" time="4.198" /><testcase classname="tests.test_portal_regression_iter4.TestIter4FinanceAndReferrals" name="test_referral_policy_edges_and_self_reorder_channel" time="1.774" /><testcase classname="tests.test_portal_regression_iter4.TestIter4FinanceAndReferrals" name="test_fixed_per_unit_rule_exact_paise_and_history" time="0.585" /></testsuite></testsuites>