<?xml version="1.0" encoding="utf-8"?><testsuites name="pytest tests"><testsuite name="pytest" errors="0" failures="4" skipped="0" tests="12" time="2.118" timestamp="2026-09-16T15:49:50.583176+00:00" hostname="agent-env-5da05912-7336-4c57-8854-f2330233626a"><testcase classname="tests.test_backend_regression.TestAuthAndAdminGuards" name="test_admin_requires_auth" time="0.269" /><testcase classname="tests.test_backend_regression.TestPublicCommerce" name="test_health" time="0.291" /><testcase classname="tests.test_backend_regression.TestAuthAndAdminGuards" name="test_auth_login_sets_httponly_cookies_and_me_works" time="0.090"><failure message="assert 403 == 200&#10; +  where 403 = &lt;Response [403]&gt;.status_code">backend/tests/test_backend_regression.py:142: in test_auth_login_sets_httponly_cookies_and_me_works
    assert login.status_code == 200
E   assert 403 == 200
E    +  where 403 = &lt;Response [403]&gt;.status_code</failure></testcase><testcase classname="tests.test_backend_regression.TestPublicCommerce" name="test_products_and_product_details" time="0.151" /><testcase classname="tests.test_backend_regression.TestAuthAndAdminGuards" name="test_refresh_and_logout" time="0.078"><failure message="assert 403 == 200&#10; +  where 403 = &lt;Response [403]&gt;.status_code">backend/tests/test_backend_regression.py:161: in test_refresh_and_logout
    assert login.status_code == 200
E   assert 403 == 200
E    +  where 403 = &lt;Response [403]&gt;.status_code</failure></testcase><testcase classname="tests.test_backend_regression.TestPublicCommerce" name="test_quote_valid_bundle_and_price" time="0.174" /><testcase classname="tests.test_backend_regression.TestAuthAndAdminGuards" name="test_invalid_origin_rejected_for_authenticated_mutation" time="0.099"><failure message="assert 403 == 200&#10; +  where 403 = &lt;Response [403]&gt;.status_code">backend/tests/test_backend_regression.py:178: in test_invalid_origin_rejected_for_authenticated_mutation
    assert login.status_code == 200
E   assert 403 == 200
E    +  where 403 = &lt;Response [403]&gt;.status_code</failure></testcase><testcase classname="tests.test_backend_regression.TestAuthAndAdminGuards" name="test_bruteforce_lockout_after_five_fails" time="0.391"><failure message="assert 403 == 429">backend/tests/test_backend_regression.py:194: in test_bruteforce_lockout_after_five_fails
    assert statuses[-1] == 429
E   assert 403 == 429</failure></testcase><testcase classname="tests.test_backend_regression.TestPublicCommerce" name="test_quote_invalid_bundle_count_rejected" time="0.164" /><testcase classname="tests.test_backend_regression.TestPublicCommerce" name="test_order_idempotency_by_request_id" time="0.293" /><testcase classname="tests.test_backend_regression.TestAuthStorageAndSeed" name="test_admin_hash_format_and_users_email_unique_index" time="0.012" /><testcase classname="tests.test_backend_regression.TestPublicCommerce" name="test_lead_submission_persists" time="0.106" /></testsuite></testsuites>