<?xml version="1.0" encoding="utf-8"?><testsuites name="pytest tests"><testsuite name="pytest" errors="0" failures="0" skipped="0" tests="12" time="2.684" timestamp="2026-09-16T15:59:24.057762+00:00" hostname="agent-env-5da05912-7336-4c57-8854-f2330233626a"><testcase classname="tests.test_backend_regression.TestAuthAndAdminGuards" name="test_admin_requires_auth" time="0.130" /><testcase classname="tests.test_backend_regression.TestPublicCommerce" name="test_health" time="0.169" /><testcase classname="tests.test_backend_regression.TestAuthAndAdminGuards" name="test_auth_login_sets_httponly_cookies_and_me_works" time="0.424" /><testcase classname="tests.test_backend_regression.TestPublicCommerce" name="test_products_and_product_details" time="0.344" /><testcase classname="tests.test_backend_regression.TestPublicCommerce" name="test_quote_valid_bundle_and_price" time="0.151" /><testcase classname="tests.test_backend_regression.TestAuthAndAdminGuards" name="test_refresh_and_logout" time="0.498" /><testcase classname="tests.test_backend_regression.TestPublicCommerce" name="test_quote_invalid_bundle_count_rejected" time="0.284" /><testcase classname="tests.test_backend_regression.TestPublicCommerce" name="test_order_idempotency_by_request_id" time="0.412" /><testcase classname="tests.test_backend_regression.TestAuthAndAdminGuards" name="test_invalid_origin_rejected_for_authenticated_mutation" time="0.363" /><testcase classname="tests.test_backend_regression.TestPublicCommerce" name="test_lead_submission_persists" time="0.190" /><testcase classname="tests.test_backend_regression.TestAuthAndAdminGuards" name="test_bruteforce_lockout_after_five_fails" time="0.435" /><testcase classname="tests.test_backend_regression.TestAuthStorageAndSeed" name="test_admin_hash_format_and_users_email_unique_index" time="0.006" /></testsuite></testsuites>